<?xml version="1.0" encoding="UTF-8"?>
<testsuites name="jest tests" tests="5" failures="0" errors="0" time="1.757">
  <testsuite name="API positive tests" errors="0" failures="0" skipped="0" timestamp="2023-11-20T14:18:52" time="1.693" tests="5">
    <testcase classname="API positive tests Get all books" name="API positive tests Get all books" time="0.405">
    </testcase>
    <testcase classname="API positive tests Get a specific book" name="API positive tests Get a specific book" time="0.208">
    </testcase>
    <testcase classname="API positive tests Add a new book" name="API positive tests Add a new book" time="0.157">
    </testcase>
    <testcase classname="API positive tests Update a book" name="API positive tests Update a book" time="0.19">
    </testcase>
    <testcase classname="API positive tests Delete a book" name="API positive tests Delete a book" time="0.193">
    </testcase>
  </testsuite>
</testsuites>