<?xml version="1.0" encoding="UTF-8"?>
<testsuites name="jest tests" tests="17" failures="2" errors="0" time="0.692">
  <testsuite name="Calculator" errors="0" failures="2" skipped="0" timestamp="2023-11-16T20:22:47" time="0.609" tests="17">
    <testcase classname="Calculator add returns the sum of [1, 2, 3]" name="Calculator add returns the sum of [1, 2, 3]" time="0.003">
    </testcase>
    <testcase classname="Calculator add returns the sum of [4, -1, 0]" name="Calculator add returns the sum of [4, -1, 0]" time="0.001">
    </testcase>
    <testcase classname="Calculator add returns the sum of [-4, -4, 4]" name="Calculator add returns the sum of [-4, -4, 4]" time="0.001">
    </testcase>
    <testcase classname="Calculator multiply returns the product of [0, 0, 4]" name="Calculator multiply returns the product of [0, 0, 4]" time="0">
    </testcase>
    <testcase classname="Calculator multiply returns the product of [-1, 0, 1]" name="Calculator multiply returns the product of [-1, 0, 1]" time="0.002">
      <failure>Error: expect(received).toBe(expected) // Object.is equality

Expected: 0
Received: -0
    at toBe (C:\Users\kiril\.vscode\GitHub\ITAcademy\Homework15\Test\calculator.spec.js:26:28)
    at processTicksAndRejections (node:internal/process/task_queues:95:5)</failure>
    </testcase>
    <testcase classname="Calculator multiply returns the product of [-3, -4, 1]" name="Calculator multiply returns the product of [-3, -4, 1]" time="0">
    </testcase>
    <testcase classname="Calculator subtraction subtracts 2 from 10" name="Calculator subtraction subtracts 2 from 10" time="0.001">
    </testcase>
    <testcase classname="Calculator subtraction subtracts 5 from 0" name="Calculator subtraction subtracts 5 from 0" time="0">
    </testcase>
    <testcase classname="Calculator subtraction subtracts -6 from -4" name="Calculator subtraction subtracts -6 from -4" time="0.001">
    </testcase>
    <testcase classname="Calculator divide divides 10 by 2" name="Calculator divide divides 10 by 2" time="0">
    </testcase>
    <testcase classname="Calculator divide divides -25 by 5" name="Calculator divide divides -25 by 5" time="0">
    </testcase>
    <testcase classname="Calculator divide divides -4 by -4" name="Calculator divide divides -4 by -4" time="0">
    </testcase>
    <testcase classname="Calculator exponentiation returns the square of 2" name="Calculator exponentiation returns the square of 2" time="0">
    </testcase>
    <testcase classname="Calculator exponentiation returns the square of -6" name="Calculator exponentiation returns the square of -6" time="0">
    </testcase>
    <testcase classname="Calculator exponentiation returns the square of 0" name="Calculator exponentiation returns the square of 0" time="0">
    </testcase>
    <testcase classname="Calculator Negative test returns NaN for non-numeric arguments" name="Calculator Negative test returns NaN for non-numeric arguments" time="0.001">
      <failure>Error: expect(received).toBeNaN()

Received: &quot;0abcbarjgt&quot;
    at Object.toBeNaN (C:\Users\kiril\.vscode\GitHub\ITAcademy\Homework15\Test\calculator.spec.js:70:31)
    at processTicksAndRejections (node:internal/process/task_queues:95:5)</failure>
    </testcase>
    <testcase classname="Calculator Negative test returns Infinity for division by zero" name="Calculator Negative test returns Infinity for division by zero" time="0.001">
    </testcase>
  </testsuite>
</testsuites>